2024-05-06T21:04:56.664+03:00  INFO 22300 --- [main] o.aome.todlserver.TodLServerApplication  : Starting TodLServerApplication using Java 21 with PID 22300 (D:\Programs\Java\IdeaProjects\TodLServer\target\classes started by kzaly in D:\Programs\Java\IdeaProjects\TodLServer)
2024-05-06T21:04:56.677+03:00  INFO 22300 --- [main] o.aome.todlserver.TodLServerApplication  : No active profile set, falling back to 1 default profile: "default"
2024-05-06T21:04:57.264+03:00  INFO 22300 --- [main] .s.d.r.c.RepositoryConfigurationDelegate : Bootstrapping Spring Data JPA repositories in DEFAULT mode.
2024-05-06T21:04:57.321+03:00  INFO 22300 --- [main] .s.d.r.c.RepositoryConfigurationDelegate : Finished Spring Data repository scanning in 49 ms. Found 3 JPA repository interfaces.
2024-05-06T21:04:57.786+03:00  INFO 22300 --- [main] o.s.b.w.embedded.tomcat.TomcatWebServer  : Tomcat initialized with port 8080 (http)
2024-05-06T21:04:57.798+03:00  INFO 22300 --- [main] o.apache.catalina.core.StandardService   : Starting service [Tomcat]
2024-05-06T21:04:57.798+03:00  INFO 22300 --- [main] o.apache.catalina.core.StandardEngine    : Starting Servlet engine: [Apache Tomcat/10.1.18]
2024-05-06T21:04:57.843+03:00  INFO 22300 --- [main] o.a.c.c.C.[Tomcat].[localhost].[/]       : Initializing Spring embedded WebApplicationContext
2024-05-06T21:04:57.843+03:00  INFO 22300 --- [main] w.s.c.ServletWebServerApplicationContext : Root WebApplicationContext: initialization completed in 1129 ms
2024-05-06T21:04:57.865+03:00  WARN 22300 --- [main] JpaBaseConfiguration$JpaWebConfiguration : spring.jpa.open-in-view is enabled by default. Therefore, database queries may be performed during view rendering. Explicitly configure spring.jpa.open-in-view to disable this warning
2024-05-06T21:04:57.929+03:00  INFO 22300 --- [main] com.zaxxer.hikari.HikariDataSource       : HikariPool-1 - Starting...
2024-05-06T21:04:58.107+03:00  INFO 22300 --- [main] com.zaxxer.hikari.pool.HikariPool        : HikariPool-1 - Added connection org.postgresql.jdbc.PgConnection@42ef042a
2024-05-06T21:04:58.108+03:00  INFO 22300 --- [main] com.zaxxer.hikari.HikariDataSource       : HikariPool-1 - Start completed.
2024-05-06T21:04:58.158+03:00  INFO 22300 --- [main] o.hibernate.jpa.internal.util.LogHelper  : HHH000204: Processing PersistenceUnitInfo [name: default]
2024-05-06T21:04:58.234+03:00  INFO 22300 --- [main] org.hibernate.Version                    : HHH000412: Hibernate ORM core version 6.4.1.Final
2024-05-06T21:04:58.264+03:00  INFO 22300 --- [main] o.h.c.internal.RegionFactoryInitiator    : HHH000026: Second-level cache disabled
2024-05-06T21:04:58.481+03:00  INFO 22300 --- [main] o.s.o.j.p.SpringPersistenceUnitInfo      : No LoadTimeWeaver setup: ignoring JPA class transformer
2024-05-06T21:04:58.566+03:00  WARN 22300 --- [main] org.hibernate.orm.deprecation            : HHH90000025: PostgreSQLDialect does not need to be specified explicitly using 'hibernate.dialect' (remove the property setting and it will be selected by default)
2024-05-06T21:04:59.371+03:00  INFO 22300 --- [main] o.h.e.t.j.p.i.JtaPlatformInitiator       : HHH000489: No JTA platform available (set 'hibernate.transaction.jta.platform' to enable JTA platform integration)
2024-05-06T21:04:59.373+03:00  INFO 22300 --- [main] j.LocalContainerEntityManagerFactoryBean : Initialized JPA EntityManagerFactory for persistence unit 'default'
2024-05-06T21:05:00.005+03:00  INFO 22300 --- [main] o.s.s.web.DefaultSecurityFilterChain     : Will secure any request with [org.springframework.security.web.session.DisableEncodeUrlFilter@643fed50, org.springframework.security.web.context.request.async.WebAsyncManagerIntegrationFilter@65b07b9, org.springframework.security.web.context.SecurityContextHolderFilter@2a738d47, org.springframework.security.web.header.HeaderWriterFilter@1964ef9, org.springframework.web.filter.CorsFilter@7dbe858f, org.aome.todlserver.config.FilterChainExceptionHandler@7c8a91e2, org.springframework.security.web.authentication.logout.LogoutFilter@7e916dc2, org.aome.todlserver.config.JWTFilter@1e366f0f, org.springframework.security.web.savedrequest.RequestCacheAwareFilter@8bd9d08, org.springframework.security.web.servletapi.SecurityContextHolderAwareRequestFilter@189f3ccd, org.springframework.security.web.authentication.AnonymousAuthenticationFilter@387ef6a7, org.springframework.security.web.session.SessionManagementFilter@30ce78e3, org.springframework.security.web.access.ExceptionTranslationFilter@41d8ac75, org.springframework.security.web.access.intercept.AuthorizationFilter@133d0471]
2024-05-06T21:05:00.145+03:00  INFO 22300 --- [main] o.s.b.w.embedded.tomcat.TomcatWebServer  : Tomcat started on port 8080 (http) with context path ''
2024-05-06T21:05:00.151+03:00  INFO 22300 --- [main] o.aome.todlserver.TodLServerApplication  : Started TodLServerApplication in 3.842 seconds (process running for 4.454)
2024-05-06T21:05:31.161+03:00  INFO 22300 --- [http-nio-8080-exec-2] o.a.c.c.C.[Tomcat].[localhost].[/]       : Initializing Spring DispatcherServlet 'dispatcherServlet'
2024-05-06T21:05:31.161+03:00  INFO 22300 --- [http-nio-8080-exec-2] o.s.web.servlet.DispatcherServlet        : Initializing Servlet 'dispatcherServlet'
2024-05-06T21:05:31.163+03:00  INFO 22300 --- [http-nio-8080-exec-2] o.s.web.servlet.DispatcherServlet        : Completed initialization in 2 ms
2024-05-06T21:05:31.566+03:00  INFO 22300 --- [http-nio-8080-exec-2] o.a.t.c.AuthenticationController         : Logged.
2024-05-06T21:10:11.105+03:00  INFO 22300 --- [SpringApplicationShutdownHook] j.LocalContainerEntityManagerFactoryBean : Closing JPA EntityManagerFactory for persistence unit 'default'
2024-05-06T21:10:11.107+03:00  INFO 22300 --- [SpringApplicationShutdownHook] com.zaxxer.hikari.HikariDataSource       : HikariPool-1 - Shutdown initiated...
2024-05-06T21:10:11.114+03:00  INFO 22300 --- [SpringApplicationShutdownHook] com.zaxxer.hikari.HikariDataSource       : HikariPool-1 - Shutdown completed.
