2024-04-03T10:29:16.096+03:00  INFO 7700 --- [main] o.aome.todlserver.TodLServerApplication  : Starting TodLServerApplication using Java 21 with PID 7700 (D:\Programs\Java\IdeaProjects\TodLServer\target\classes started by kzaly in D:\Programs\Java\IdeaProjects\TodLServer)
2024-04-03T10:29:16.099+03:00  INFO 7700 --- [main] o.aome.todlserver.TodLServerApplication  : No active profile set, falling back to 1 default profile: "default"
2024-04-03T10:29:17.154+03:00  INFO 7700 --- [main] .s.d.r.c.RepositoryConfigurationDelegate : Bootstrapping Spring Data JPA repositories in DEFAULT mode.
2024-04-03T10:29:17.256+03:00  INFO 7700 --- [main] .s.d.r.c.RepositoryConfigurationDelegate : Finished Spring Data repository scanning in 90 ms. Found 3 JPA repository interfaces.
2024-04-03T10:29:18.042+03:00  INFO 7700 --- [main] o.s.b.w.embedded.tomcat.TomcatWebServer  : Tomcat initialized with port 8080 (http)
2024-04-03T10:29:18.059+03:00  INFO 7700 --- [main] o.apache.catalina.core.StandardService   : Starting service [Tomcat]
2024-04-03T10:29:18.059+03:00  INFO 7700 --- [main] o.apache.catalina.core.StandardEngine    : Starting Servlet engine: [Apache Tomcat/10.1.18]
2024-04-03T10:29:18.144+03:00  INFO 7700 --- [main] o.a.c.c.C.[Tomcat].[localhost].[/]       : Initializing Spring embedded WebApplicationContext
2024-04-03T10:29:18.145+03:00  INFO 7700 --- [main] w.s.c.ServletWebServerApplicationContext : Root WebApplicationContext: initialization completed in 1979 ms
2024-04-03T10:29:18.191+03:00  WARN 7700 --- [main] JpaBaseConfiguration$JpaWebConfiguration : spring.jpa.open-in-view is enabled by default. Therefore, database queries may be performed during view rendering. Explicitly configure spring.jpa.open-in-view to disable this warning
2024-04-03T10:29:18.314+03:00  INFO 7700 --- [main] com.zaxxer.hikari.HikariDataSource       : HikariPool-1 - Starting...
2024-04-03T10:29:18.581+03:00  INFO 7700 --- [main] com.zaxxer.hikari.pool.HikariPool        : HikariPool-1 - Added connection org.postgresql.jdbc.PgConnection@4315c28c
2024-04-03T10:29:18.584+03:00  INFO 7700 --- [main] com.zaxxer.hikari.HikariDataSource       : HikariPool-1 - Start completed.
2024-04-03T10:29:18.646+03:00  INFO 7700 --- [main] o.hibernate.jpa.internal.util.LogHelper  : HHH000204: Processing PersistenceUnitInfo [name: default]
2024-04-03T10:29:18.750+03:00  INFO 7700 --- [main] org.hibernate.Version                    : HHH000412: Hibernate ORM core version 6.4.1.Final
2024-04-03T10:29:18.801+03:00  INFO 7700 --- [main] o.h.c.internal.RegionFactoryInitiator    : HHH000026: Second-level cache disabled
2024-04-03T10:29:19.153+03:00  INFO 7700 --- [main] o.s.o.j.p.SpringPersistenceUnitInfo      : No LoadTimeWeaver setup: ignoring JPA class transformer
2024-04-03T10:29:19.227+03:00  WARN 7700 --- [main] org.hibernate.orm.deprecation            : HHH90000025: PostgreSQLDialect does not need to be specified explicitly using 'hibernate.dialect' (remove the property setting and it will be selected by default)
2024-04-03T10:29:20.862+03:00  INFO 7700 --- [main] o.h.e.t.j.p.i.JtaPlatformInitiator       : HHH000489: No JTA platform available (set 'hibernate.transaction.jta.platform' to enable JTA platform integration)
2024-04-03T10:29:20.865+03:00  INFO 7700 --- [main] j.LocalContainerEntityManagerFactoryBean : Initialized JPA EntityManagerFactory for persistence unit 'default'
2024-04-03T10:29:22.045+03:00  INFO 7700 --- [main] o.s.s.web.DefaultSecurityFilterChain     : Will secure any request with [org.springframework.security.web.session.DisableEncodeUrlFilter@134ec0f3, org.springframework.security.web.context.request.async.WebAsyncManagerIntegrationFilter@258ac1e6, org.springframework.security.web.context.SecurityContextHolderFilter@27c49f54, org.springframework.security.web.header.HeaderWriterFilter@a1689e8, org.springframework.web.filter.CorsFilter@491f3fb0, org.aome.todlserver.config.FilterChainExceptionHandler@28d7bd6b, org.springframework.security.web.authentication.logout.LogoutFilter@5fb0a09e, org.aome.todlserver.config.JWTFilter@4a9f0360, org.springframework.security.web.savedrequest.RequestCacheAwareFilter@1c149539, org.springframework.security.web.servletapi.SecurityContextHolderAwareRequestFilter@4a5c6b30, org.springframework.security.web.authentication.AnonymousAuthenticationFilter@3d0ce151, org.springframework.security.web.session.SessionManagementFilter@16eb01d4, org.springframework.security.web.access.ExceptionTranslationFilter@60510791, org.springframework.security.web.access.intercept.AuthorizationFilter@7962a364]
2024-04-03T10:29:22.391+03:00  INFO 7700 --- [main] o.s.b.w.embedded.tomcat.TomcatWebServer  : Tomcat started on port 8080 (http) with context path ''
2024-04-03T10:29:22.404+03:00  INFO 7700 --- [main] o.aome.todlserver.TodLServerApplication  : Started TodLServerApplication in 6.947 seconds (process running for 7.906)
2024-04-03T10:30:12.541+03:00  INFO 7700 --- [SpringApplicationShutdownHook] j.LocalContainerEntityManagerFactoryBean : Closing JPA EntityManagerFactory for persistence unit 'default'
2024-04-03T10:30:12.545+03:00  INFO 7700 --- [SpringApplicationShutdownHook] com.zaxxer.hikari.HikariDataSource       : HikariPool-1 - Shutdown initiated...
2024-04-03T10:30:12.551+03:00  INFO 7700 --- [SpringApplicationShutdownHook] com.zaxxer.hikari.HikariDataSource       : HikariPool-1 - Shutdown completed.
